[INFO] Scanning for projects...
[INFO] 
[INFO] -----------------------< JavaAppium:JavaAppium >------------------------
[INFO] Building JavaAppium 1.0-SNAPSHOT
[INFO]   from pom.xml
[INFO] --------------------------------[ jar ]---------------------------------
[INFO] 
[INFO] --- clean:3.2.0:clean (default-clean) @ JavaAppium ---
[INFO] Deleting /Users/natalia/IdeaProjects/JavaAppium1/target
[INFO] 
[INFO] --- resources:3.3.1:resources (default-resources) @ JavaAppium ---
[WARNING] Using platform encoding (UTF-8 actually) to copy filtered resources, i.e. build is platform dependent!
[INFO] Copying 0 resource from src/main/resources to target/classes
[INFO] 
[INFO] --- compiler:3.10.1:compile (default-compile) @ JavaAppium ---
[INFO] Changes detected - recompiling the module!
[WARNING] File encoding has not been set, using platform encoding UTF-8, i.e. build is platform dependent!
[INFO] Compiling 1 source file to /Users/natalia/IdeaProjects/JavaAppium1/target/classes
[INFO] 
[INFO] --- resources:3.3.1:testResources (default-testResources) @ JavaAppium ---
[WARNING] Using platform encoding (UTF-8 actually) to copy filtered resources, i.e. build is platform dependent!
[INFO] skip non existing resourceDirectory /Users/natalia/IdeaProjects/JavaAppium1/src/test/resources
[INFO] 
[INFO] --- compiler:3.10.1:testCompile (default-testCompile) @ JavaAppium ---
[INFO] Changes detected - recompiling the module!
[WARNING] File encoding has not been set, using platform encoding UTF-8, i.e. build is platform dependent!
[INFO] Compiling 30 source files to /Users/natalia/IdeaProjects/JavaAppium1/target/test-classes
[INFO] /Users/natalia/IdeaProjects/JavaAppium1/src/test/java/lib/ui/MainPageObject.java: Some input files use or override a deprecated API.
[INFO] /Users/natalia/IdeaProjects/JavaAppium1/src/test/java/lib/ui/MainPageObject.java: Recompile with -Xlint:deprecation for details.
[INFO] 
[INFO] --- surefire:3.2.5:test (default-test) @ JavaAppium ---
[INFO] Using auto detected provider org.apache.maven.surefire.junit4.JUnit4Provider
[INFO] 
[INFO] -------------------------------------------------------
[INFO]  T E S T S
[INFO] -------------------------------------------------------
[INFO] Running tests.SearchTests
[ERROR] Tests run: 8, Failures: 0, Errors: 8, Skipped: 0, Time elapsed: 0.093 s <<< FAILURE! -- in tests.SearchTests
[ERROR] tests.SearchTests.testAmountOfNotEmptySearch -- Time elapsed: 0.063 s <<< ERROR!
java.lang.NoSuchMethodError: 'void org.openqa.selenium.remote.http.ClientConfig.<init>(java.net.URI, java.time.Duration, java.time.Duration, org.openqa.selenium.remote.http.Filter, java.net.Proxy, org.openqa.selenium.Credentials)'
	at io.appium.java_client.AppiumClientConfig.<init>(AppiumClientConfig.java:62)
	at io.appium.java_client.AppiumClientConfig.defaultConfig(AppiumClientConfig.java:79)
	at io.appium.java_client.remote.AppiumCommandExecutor.<init>(AppiumCommandExecutor.java:109)
	at io.appium.java_client.AppiumDriver.<init>(AppiumDriver.java:101)
	at io.appium.java_client.android.AndroidDriver.<init>(AndroidDriver.java:113)
	at lib.Platform.getDriver(Platform.java:33)
	at lib.CoreTestCase.setUp(CoreTestCase.java:20)
	at junit.framework.TestCase.runBare(TestCase.java:140)
	at junit.framework.TestResult$1.protect(TestResult.java:122)
	at junit.framework.TestResult.runProtected(TestResult.java:142)
	at junit.framework.TestResult.run(TestResult.java:125)
	at junit.framework.TestCase.run(TestCase.java:130)
	at junit.framework.TestSuite.runTest(TestSuite.java:241)
	at junit.framework.TestSuite.run(TestSuite.java:236)
	at org.junit.internal.runners.JUnit38ClassRunner.run(JUnit38ClassRunner.java:90)
	at org.apache.maven.surefire.junit4.JUnit4Provider.execute(JUnit4Provider.java:316)
	at org.apache.maven.surefire.junit4.JUnit4Provider.executeWithRerun(JUnit4Provider.java:240)
	at org.apache.maven.surefire.junit4.JUnit4Provider.executeTestSet(JUnit4Provider.java:214)
	at org.apache.maven.surefire.junit4.JUnit4Provider.invoke(JUnit4Provider.java:155)
	at org.apache.maven.surefire.booter.ForkedBooter.runSuitesInProcess(ForkedBooter.java:385)
	at org.apache.maven.surefire.booter.ForkedBooter.execute(ForkedBooter.java:162)
	at org.apache.maven.surefire.booter.ForkedBooter.run(ForkedBooter.java:507)
	at org.apache.maven.surefire.booter.ForkedBooter.main(ForkedBooter.java:495)

[ERROR] tests.SearchTests.testAmountOfEmptySearch -- Time elapsed: 0 s <<< ERROR!
java.lang.NoSuchMethodError: 'void org.openqa.selenium.remote.http.ClientConfig.<init>(java.net.URI, java.time.Duration, java.time.Duration, org.openqa.selenium.remote.http.Filter, java.net.Proxy, org.openqa.selenium.Credentials)'
	at io.appium.java_client.AppiumClientConfig.<init>(AppiumClientConfig.java:62)
	at io.appium.java_client.AppiumClientConfig.defaultConfig(AppiumClientConfig.java:79)
	at io.appium.java_client.remote.AppiumCommandExecutor.<init>(AppiumCommandExecutor.java:109)
	at io.appium.java_client.AppiumDriver.<init>(AppiumDriver.java:101)
	at io.appium.java_client.android.AndroidDriver.<init>(AndroidDriver.java:113)
	at lib.Platform.getDriver(Platform.java:33)
	at lib.CoreTestCase.setUp(CoreTestCase.java:20)
	at junit.framework.TestCase.runBare(TestCase.java:140)
	at junit.framework.TestResult$1.protect(TestResult.java:122)
	at junit.framework.TestResult.runProtected(TestResult.java:142)
	at junit.framework.TestResult.run(TestResult.java:125)
	at junit.framework.TestCase.run(TestCase.java:130)
	at junit.framework.TestSuite.runTest(TestSuite.java:241)
	at junit.framework.TestSuite.run(TestSuite.java:236)
	at org.junit.internal.runners.JUnit38ClassRunner.run(JUnit38ClassRunner.java:90)
	at org.apache.maven.surefire.junit4.JUnit4Provider.execute(JUnit4Provider.java:316)
	at org.apache.maven.surefire.junit4.JUnit4Provider.executeWithRerun(JUnit4Provider.java:240)
	at org.apache.maven.surefire.junit4.JUnit4Provider.executeTestSet(JUnit4Provider.java:214)
	at org.apache.maven.surefire.junit4.JUnit4Provider.invoke(JUnit4Provider.java:155)
	at org.apache.maven.surefire.booter.ForkedBooter.runSuitesInProcess(ForkedBooter.java:385)
	at org.apache.maven.surefire.booter.ForkedBooter.execute(ForkedBooter.java:162)
	at org.apache.maven.surefire.booter.ForkedBooter.run(ForkedBooter.java:507)
	at org.apache.maven.surefire.booter.ForkedBooter.main(ForkedBooter.java:495)

[ERROR] tests.SearchTests.testSearchResultsContainSpecificArticles -- Time elapsed: 0 s <<< ERROR!
java.lang.NoSuchMethodError: 'void org.openqa.selenium.remote.http.ClientConfig.<init>(java.net.URI, java.time.Duration, java.time.Duration, org.openqa.selenium.remote.http.Filter, java.net.Proxy, org.openqa.selenium.Credentials)'
	at io.appium.java_client.AppiumClientConfig.<init>(AppiumClientConfig.java:62)
	at io.appium.java_client.AppiumClientConfig.defaultConfig(AppiumClientConfig.java:79)
	at io.appium.java_client.remote.AppiumCommandExecutor.<init>(AppiumCommandExecutor.java:109)
	at io.appium.java_client.AppiumDriver.<init>(AppiumDriver.java:101)
	at io.appium.java_client.android.AndroidDriver.<init>(AndroidDriver.java:113)
	at lib.Platform.getDriver(Platform.java:33)
	at lib.CoreTestCase.setUp(CoreTestCase.java:20)
	at junit.framework.TestCase.runBare(TestCase.java:140)
	at junit.framework.TestResult$1.protect(TestResult.java:122)
	at junit.framework.TestResult.runProtected(TestResult.java:142)
	at junit.framework.TestResult.run(TestResult.java:125)
	at junit.framework.TestCase.run(TestCase.java:130)
	at junit.framework.TestSuite.runTest(TestSuite.java:241)
	at junit.framework.TestSuite.run(TestSuite.java:236)
	at org.junit.internal.runners.JUnit38ClassRunner.run(JUnit38ClassRunner.java:90)
	at org.apache.maven.surefire.junit4.JUnit4Provider.execute(JUnit4Provider.java:316)
	at org.apache.maven.surefire.junit4.JUnit4Provider.executeWithRerun(JUnit4Provider.java:240)
	at org.apache.maven.surefire.junit4.JUnit4Provider.executeTestSet(JUnit4Provider.java:214)
	at org.apache.maven.surefire.junit4.JUnit4Provider.invoke(JUnit4Provider.java:155)
	at org.apache.maven.surefire.booter.ForkedBooter.runSuitesInProcess(ForkedBooter.java:385)
	at org.apache.maven.surefire.booter.ForkedBooter.execute(ForkedBooter.java:162)
	at org.apache.maven.surefire.booter.ForkedBooter.run(ForkedBooter.java:507)
	at org.apache.maven.surefire.booter.ForkedBooter.main(ForkedBooter.java:495)

[ERROR] tests.SearchTests.testCompareTopicsInputPlaceholder -- Time elapsed: 0.001 s <<< ERROR!
java.lang.NoSuchMethodError: 'void org.openqa.selenium.remote.http.ClientConfig.<init>(java.net.URI, java.time.Duration, java.time.Duration, org.openqa.selenium.remote.http.Filter, java.net.Proxy, org.openqa.selenium.Credentials)'
	at io.appium.java_client.AppiumClientConfig.<init>(AppiumClientConfig.java:62)
	at io.appium.java_client.AppiumClientConfig.defaultConfig(AppiumClientConfig.java:79)
	at io.appium.java_client.remote.AppiumCommandExecutor.<init>(AppiumCommandExecutor.java:109)
	at io.appium.java_client.AppiumDriver.<init>(AppiumDriver.java:101)
	at io.appium.java_client.android.AndroidDriver.<init>(AndroidDriver.java:113)
	at lib.Platform.getDriver(Platform.java:33)
	at lib.CoreTestCase.setUp(CoreTestCase.java:20)
	at junit.framework.TestCase.runBare(TestCase.java:140)
	at junit.framework.TestResult$1.protect(TestResult.java:122)
	at junit.framework.TestResult.runProtected(TestResult.java:142)
	at junit.framework.TestResult.run(TestResult.java:125)
	at junit.framework.TestCase.run(TestCase.java:130)
	at junit.framework.TestSuite.runTest(TestSuite.java:241)
	at junit.framework.TestSuite.run(TestSuite.java:236)
	at org.junit.internal.runners.JUnit38ClassRunner.run(JUnit38ClassRunner.java:90)
	at org.apache.maven.surefire.junit4.JUnit4Provider.execute(JUnit4Provider.java:316)
	at org.apache.maven.surefire.junit4.JUnit4Provider.executeWithRerun(JUnit4Provider.java:240)
	at org.apache.maven.surefire.junit4.JUnit4Provider.executeTestSet(JUnit4Provider.java:214)
	at org.apache.maven.surefire.junit4.JUnit4Provider.invoke(JUnit4Provider.java:155)
	at org.apache.maven.surefire.booter.ForkedBooter.runSuitesInProcess(ForkedBooter.java:385)
	at org.apache.maven.surefire.booter.ForkedBooter.execute(ForkedBooter.java:162)
	at org.apache.maven.surefire.booter.ForkedBooter.run(ForkedBooter.java:507)
	at org.apache.maven.surefire.booter.ForkedBooter.main(ForkedBooter.java:495)

[ERROR] tests.SearchTests.testCancelSearch -- Time elapsed: 0.001 s <<< ERROR!
java.lang.NoSuchMethodError: 'void org.openqa.selenium.remote.http.ClientConfig.<init>(java.net.URI, java.time.Duration, java.time.Duration, org.openqa.selenium.remote.http.Filter, java.net.Proxy, org.openqa.selenium.Credentials)'
	at io.appium.java_client.AppiumClientConfig.<init>(AppiumClientConfig.java:62)
	at io.appium.java_client.AppiumClientConfig.defaultConfig(AppiumClientConfig.java:79)
	at io.appium.java_client.remote.AppiumCommandExecutor.<init>(AppiumCommandExecutor.java:109)
	at io.appium.java_client.AppiumDriver.<init>(AppiumDriver.java:101)
	at io.appium.java_client.android.AndroidDriver.<init>(AndroidDriver.java:113)
	at lib.Platform.getDriver(Platform.java:33)
	at lib.CoreTestCase.setUp(CoreTestCase.java:20)
	at junit.framework.TestCase.runBare(TestCase.java:140)
	at junit.framework.TestResult$1.protect(TestResult.java:122)
	at junit.framework.TestResult.runProtected(TestResult.java:142)
	at junit.framework.TestResult.run(TestResult.java:125)
	at junit.framework.TestCase.run(TestCase.java:130)
	at junit.framework.TestSuite.runTest(TestSuite.java:241)
	at junit.framework.TestSuite.run(TestSuite.java:236)
	at org.junit.internal.runners.JUnit38ClassRunner.run(JUnit38ClassRunner.java:90)
	at org.apache.maven.surefire.junit4.JUnit4Provider.execute(JUnit4Provider.java:316)
	at org.apache.maven.surefire.junit4.JUnit4Provider.executeWithRerun(JUnit4Provider.java:240)
	at org.apache.maven.surefire.junit4.JUnit4Provider.executeTestSet(JUnit4Provider.java:214)
	at org.apache.maven.surefire.junit4.JUnit4Provider.invoke(JUnit4Provider.java:155)
	at org.apache.maven.surefire.booter.ForkedBooter.runSuitesInProcess(ForkedBooter.java:385)
	at org.apache.maven.surefire.booter.ForkedBooter.execute(ForkedBooter.java:162)
	at org.apache.maven.surefire.booter.ForkedBooter.run(ForkedBooter.java:507)
	at org.apache.maven.surefire.booter.ForkedBooter.main(ForkedBooter.java:495)

[ERROR] tests.SearchTests.testFindMultipleArticles -- Time elapsed: 0.001 s <<< ERROR!
java.lang.NoSuchMethodError: 'void org.openqa.selenium.remote.http.ClientConfig.<init>(java.net.URI, java.time.Duration, java.time.Duration, org.openqa.selenium.remote.http.Filter, java.net.Proxy, org.openqa.selenium.Credentials)'
	at io.appium.java_client.AppiumClientConfig.<init>(AppiumClientConfig.java:62)
	at io.appium.java_client.AppiumClientConfig.defaultConfig(AppiumClientConfig.java:79)
	at io.appium.java_client.remote.AppiumCommandExecutor.<init>(AppiumCommandExecutor.java:109)
	at io.appium.java_client.AppiumDriver.<init>(AppiumDriver.java:101)
	at io.appium.java_client.android.AndroidDriver.<init>(AndroidDriver.java:113)
	at lib.Platform.getDriver(Platform.java:33)
	at lib.CoreTestCase.setUp(CoreTestCase.java:20)
	at junit.framework.TestCase.runBare(TestCase.java:140)
	at junit.framework.TestResult$1.protect(TestResult.java:122)
	at junit.framework.TestResult.runProtected(TestResult.java:142)
	at junit.framework.TestResult.run(TestResult.java:125)
	at junit.framework.TestCase.run(TestCase.java:130)
	at junit.framework.TestSuite.runTest(TestSuite.java:241)
	at junit.framework.TestSuite.run(TestSuite.java:236)
	at org.junit.internal.runners.JUnit38ClassRunner.run(JUnit38ClassRunner.java:90)
	at org.apache.maven.surefire.junit4.JUnit4Provider.execute(JUnit4Provider.java:316)
	at org.apache.maven.surefire.junit4.JUnit4Provider.executeWithRerun(JUnit4Provider.java:240)
	at org.apache.maven.surefire.junit4.JUnit4Provider.executeTestSet(JUnit4Provider.java:214)
	at org.apache.maven.surefire.junit4.JUnit4Provider.invoke(JUnit4Provider.java:155)
	at org.apache.maven.surefire.booter.ForkedBooter.runSuitesInProcess(ForkedBooter.java:385)
	at org.apache.maven.surefire.booter.ForkedBooter.execute(ForkedBooter.java:162)
	at org.apache.maven.surefire.booter.ForkedBooter.run(ForkedBooter.java:507)
	at org.apache.maven.surefire.booter.ForkedBooter.main(ForkedBooter.java:495)

[ERROR] tests.SearchTests.testSearchResultsContainKeyword -- Time elapsed: 0.003 s <<< ERROR!
java.lang.NoSuchMethodError: 'void org.openqa.selenium.remote.http.ClientConfig.<init>(java.net.URI, java.time.Duration, java.time.Duration, org.openqa.selenium.remote.http.Filter, java.net.Proxy, org.openqa.selenium.Credentials)'
	at io.appium.java_client.AppiumClientConfig.<init>(AppiumClientConfig.java:62)
	at io.appium.java_client.AppiumClientConfig.defaultConfig(AppiumClientConfig.java:79)
	at io.appium.java_client.remote.AppiumCommandExecutor.<init>(AppiumCommandExecutor.java:109)
	at io.appium.java_client.AppiumDriver.<init>(AppiumDriver.java:101)
	at io.appium.java_client.android.AndroidDriver.<init>(AndroidDriver.java:113)
	at lib.Platform.getDriver(Platform.java:33)
	at lib.CoreTestCase.setUp(CoreTestCase.java:20)
	at junit.framework.TestCase.runBare(TestCase.java:140)
	at junit.framework.TestResult$1.protect(TestResult.java:122)
	at junit.framework.TestResult.runProtected(TestResult.java:142)
	at junit.framework.TestResult.run(TestResult.java:125)
	at junit.framework.TestCase.run(TestCase.java:130)
	at junit.framework.TestSuite.runTest(TestSuite.java:241)
	at junit.framework.TestSuite.run(TestSuite.java:236)
	at org.junit.internal.runners.JUnit38ClassRunner.run(JUnit38ClassRunner.java:90)
	at org.apache.maven.surefire.junit4.JUnit4Provider.execute(JUnit4Provider.java:316)
	at org.apache.maven.surefire.junit4.JUnit4Provider.executeWithRerun(JUnit4Provider.java:240)
	at org.apache.maven.surefire.junit4.JUnit4Provider.executeTestSet(JUnit4Provider.java:214)
	at org.apache.maven.surefire.junit4.JUnit4Provider.invoke(JUnit4Provider.java:155)
	at org.apache.maven.surefire.booter.ForkedBooter.runSuitesInProcess(ForkedBooter.java:385)
	at org.apache.maven.surefire.booter.ForkedBooter.execute(ForkedBooter.java:162)
	at org.apache.maven.surefire.booter.ForkedBooter.run(ForkedBooter.java:507)
	at org.apache.maven.surefire.booter.ForkedBooter.main(ForkedBooter.java:495)

[ERROR] tests.SearchTests.testSearch -- Time elapsed: 0.004 s <<< ERROR!
java.lang.NoSuchMethodError: 'void org.openqa.selenium.remote.http.ClientConfig.<init>(java.net.URI, java.time.Duration, java.time.Duration, org.openqa.selenium.remote.http.Filter, java.net.Proxy, org.openqa.selenium.Credentials)'
	at io.appium.java_client.AppiumClientConfig.<init>(AppiumClientConfig.java:62)
	at io.appium.java_client.AppiumClientConfig.defaultConfig(AppiumClientConfig.java:79)
	at io.appium.java_client.remote.AppiumCommandExecutor.<init>(AppiumCommandExecutor.java:109)
	at io.appium.java_client.AppiumDriver.<init>(AppiumDriver.java:101)
	at io.appium.java_client.android.AndroidDriver.<init>(AndroidDriver.java:113)
	at lib.Platform.getDriver(Platform.java:33)
	at lib.CoreTestCase.setUp(CoreTestCase.java:20)
	at junit.framework.TestCase.runBare(TestCase.java:140)
	at junit.framework.TestResult$1.protect(TestResult.java:122)
	at junit.framework.TestResult.runProtected(TestResult.java:142)
	at junit.framework.TestResult.run(TestResult.java:125)
	at junit.framework.TestCase.run(TestCase.java:130)
	at junit.framework.TestSuite.runTest(TestSuite.java:241)
	at junit.framework.TestSuite.run(TestSuite.java:236)
	at org.junit.internal.runners.JUnit38ClassRunner.run(JUnit38ClassRunner.java:90)
	at org.apache.maven.surefire.junit4.JUnit4Provider.execute(JUnit4Provider.java:316)
	at org.apache.maven.surefire.junit4.JUnit4Provider.executeWithRerun(JUnit4Provider.java:240)
	at org.apache.maven.surefire.junit4.JUnit4Provider.executeTestSet(JUnit4Provider.java:214)
	at org.apache.maven.surefire.junit4.JUnit4Provider.invoke(JUnit4Provider.java:155)
	at org.apache.maven.surefire.booter.ForkedBooter.runSuitesInProcess(ForkedBooter.java:385)
	at org.apache.maven.surefire.booter.ForkedBooter.execute(ForkedBooter.java:162)
	at org.apache.maven.surefire.booter.ForkedBooter.run(ForkedBooter.java:507)
	at org.apache.maven.surefire.booter.ForkedBooter.main(ForkedBooter.java:495)

[INFO] Running tests.ArticleTests
[ERROR] Tests run: 3, Failures: 0, Errors: 3, Skipped: 0, Time elapsed: 0 s <<< FAILURE! -- in tests.ArticleTests
[ERROR] tests.ArticleTests.testCompareArticleDescription -- Time elapsed: 0 s <<< ERROR!
java.lang.NoSuchMethodError: 'void org.openqa.selenium.remote.http.ClientConfig.<init>(java.net.URI, java.time.Duration, java.time.Duration, org.openqa.selenium.remote.http.Filter, java.net.Proxy, org.openqa.selenium.Credentials)'
	at io.appium.java_client.AppiumClientConfig.<init>(AppiumClientConfig.java:62)
	at io.appium.java_client.AppiumClientConfig.defaultConfig(AppiumClientConfig.java:79)
	at io.appium.java_client.remote.AppiumCommandExecutor.<init>(AppiumCommandExecutor.java:109)
	at io.appium.java_client.AppiumDriver.<init>(AppiumDriver.java:101)
	at io.appium.java_client.android.AndroidDriver.<init>(AndroidDriver.java:113)
	at lib.Platform.getDriver(Platform.java:33)
	at lib.CoreTestCase.setUp(CoreTestCase.java:20)
	at junit.framework.TestCase.runBare(TestCase.java:140)
	at junit.framework.TestResult$1.protect(TestResult.java:122)
	at junit.framework.TestResult.runProtected(TestResult.java:142)
	at junit.framework.TestResult.run(TestResult.java:125)
	at junit.framework.TestCase.run(TestCase.java:130)
	at junit.framework.TestSuite.runTest(TestSuite.java:241)
	at junit.framework.TestSuite.run(TestSuite.java:236)
	at org.junit.internal.runners.JUnit38ClassRunner.run(JUnit38ClassRunner.java:90)
	at org.apache.maven.surefire.junit4.JUnit4Provider.execute(JUnit4Provider.java:316)
	at org.apache.maven.surefire.junit4.JUnit4Provider.executeWithRerun(JUnit4Provider.java:240)
	at org.apache.maven.surefire.junit4.JUnit4Provider.executeTestSet(JUnit4Provider.java:214)
	at org.apache.maven.surefire.junit4.JUnit4Provider.invoke(JUnit4Provider.java:155)
	at org.apache.maven.surefire.booter.ForkedBooter.runSuitesInProcess(ForkedBooter.java:385)
	at org.apache.maven.surefire.booter.ForkedBooter.execute(ForkedBooter.java:162)
	at org.apache.maven.surefire.booter.ForkedBooter.run(ForkedBooter.java:507)
	at org.apache.maven.surefire.booter.ForkedBooter.main(ForkedBooter.java:495)

[ERROR] tests.ArticleTests.testArticleHasDescription -- Time elapsed: 0 s <<< ERROR!
java.lang.NoSuchMethodError: 'void org.openqa.selenium.remote.http.ClientConfig.<init>(java.net.URI, java.time.Duration, java.time.Duration, org.openqa.selenium.remote.http.Filter, java.net.Proxy, org.openqa.selenium.Credentials)'
	at io.appium.java_client.AppiumClientConfig.<init>(AppiumClientConfig.java:62)
	at io.appium.java_client.AppiumClientConfig.defaultConfig(AppiumClientConfig.java:79)
	at io.appium.java_client.remote.AppiumCommandExecutor.<init>(AppiumCommandExecutor.java:109)
	at io.appium.java_client.AppiumDriver.<init>(AppiumDriver.java:101)
	at io.appium.java_client.android.AndroidDriver.<init>(AndroidDriver.java:113)
	at lib.Platform.getDriver(Platform.java:33)
	at lib.CoreTestCase.setUp(CoreTestCase.java:20)
	at junit.framework.TestCase.runBare(TestCase.java:140)
	at junit.framework.TestResult$1.protect(TestResult.java:122)
	at junit.framework.TestResult.runProtected(TestResult.java:142)
	at junit.framework.TestResult.run(TestResult.java:125)
	at junit.framework.TestCase.run(TestCase.java:130)
	at junit.framework.TestSuite.runTest(TestSuite.java:241)
	at junit.framework.TestSuite.run(TestSuite.java:236)
	at org.junit.internal.runners.JUnit38ClassRunner.run(JUnit38ClassRunner.java:90)
	at org.apache.maven.surefire.junit4.JUnit4Provider.execute(JUnit4Provider.java:316)
	at org.apache.maven.surefire.junit4.JUnit4Provider.executeWithRerun(JUnit4Provider.java:240)
	at org.apache.maven.surefire.junit4.JUnit4Provider.executeTestSet(JUnit4Provider.java:214)
	at org.apache.maven.surefire.junit4.JUnit4Provider.invoke(JUnit4Provider.java:155)
	at org.apache.maven.surefire.booter.ForkedBooter.runSuitesInProcess(ForkedBooter.java:385)
	at org.apache.maven.surefire.booter.ForkedBooter.execute(ForkedBooter.java:162)
	at org.apache.maven.surefire.booter.ForkedBooter.run(ForkedBooter.java:507)
	at org.apache.maven.surefire.booter.ForkedBooter.main(ForkedBooter.java:495)

[ERROR] tests.ArticleTests.testSwipeArticle -- Time elapsed: 0 s <<< ERROR!
java.lang.NoSuchMethodError: 'void org.openqa.selenium.remote.http.ClientConfig.<init>(java.net.URI, java.time.Duration, java.time.Duration, org.openqa.selenium.remote.http.Filter, java.net.Proxy, org.openqa.selenium.Credentials)'
	at io.appium.java_client.AppiumClientConfig.<init>(AppiumClientConfig.java:62)
	at io.appium.java_client.AppiumClientConfig.defaultConfig(AppiumClientConfig.java:79)
	at io.appium.java_client.remote.AppiumCommandExecutor.<init>(AppiumCommandExecutor.java:109)
	at io.appium.java_client.AppiumDriver.<init>(AppiumDriver.java:101)
	at io.appium.java_client.android.AndroidDriver.<init>(AndroidDriver.java:113)
	at lib.Platform.getDriver(Platform.java:33)
	at lib.CoreTestCase.setUp(CoreTestCase.java:20)
	at junit.framework.TestCase.runBare(TestCase.java:140)
	at junit.framework.TestResult$1.protect(TestResult.java:122)
	at junit.framework.TestResult.runProtected(TestResult.java:142)
	at junit.framework.TestResult.run(TestResult.java:125)
	at junit.framework.TestCase.run(TestCase.java:130)
	at junit.framework.TestSuite.runTest(TestSuite.java:241)
	at junit.framework.TestSuite.run(TestSuite.java:236)
	at org.junit.internal.runners.JUnit38ClassRunner.run(JUnit38ClassRunner.java:90)
	at org.apache.maven.surefire.junit4.JUnit4Provider.execute(JUnit4Provider.java:316)
	at org.apache.maven.surefire.junit4.JUnit4Provider.executeWithRerun(JUnit4Provider.java:240)
	at org.apache.maven.surefire.junit4.JUnit4Provider.executeTestSet(JUnit4Provider.java:214)
	at org.apache.maven.surefire.junit4.JUnit4Provider.invoke(JUnit4Provider.java:155)
	at org.apache.maven.surefire.booter.ForkedBooter.runSuitesInProcess(ForkedBooter.java:385)
	at org.apache.maven.surefire.booter.ForkedBooter.execute(ForkedBooter.java:162)
	at org.apache.maven.surefire.booter.ForkedBooter.run(ForkedBooter.java:507)
	at org.apache.maven.surefire.booter.ForkedBooter.main(ForkedBooter.java:495)

[INFO] Running tests.GetStartedTest
[ERROR] Tests run: 1, Failures: 0, Errors: 1, Skipped: 0, Time elapsed: 0 s <<< FAILURE! -- in tests.GetStartedTest
[ERROR] tests.GetStartedTest.testPassThroughWelcome -- Time elapsed: 0 s <<< ERROR!
java.lang.NoSuchMethodError: 'void org.openqa.selenium.remote.http.ClientConfig.<init>(java.net.URI, java.time.Duration, java.time.Duration, org.openqa.selenium.remote.http.Filter, java.net.Proxy, org.openqa.selenium.Credentials)'
	at io.appium.java_client.AppiumClientConfig.<init>(AppiumClientConfig.java:62)
	at io.appium.java_client.AppiumClientConfig.defaultConfig(AppiumClientConfig.java:79)
	at io.appium.java_client.remote.AppiumCommandExecutor.<init>(AppiumCommandExecutor.java:109)
	at io.appium.java_client.AppiumDriver.<init>(AppiumDriver.java:101)
	at io.appium.java_client.android.AndroidDriver.<init>(AndroidDriver.java:113)
	at lib.Platform.getDriver(Platform.java:33)
	at lib.CoreTestCase.setUp(CoreTestCase.java:20)
	at junit.framework.TestCase.runBare(TestCase.java:140)
	at junit.framework.TestResult$1.protect(TestResult.java:122)
	at junit.framework.TestResult.runProtected(TestResult.java:142)
	at junit.framework.TestResult.run(TestResult.java:125)
	at junit.framework.TestCase.run(TestCase.java:130)
	at junit.framework.TestSuite.runTest(TestSuite.java:241)
	at junit.framework.TestSuite.run(TestSuite.java:236)
	at org.junit.internal.runners.JUnit38ClassRunner.run(JUnit38ClassRunner.java:90)
	at org.apache.maven.surefire.junit4.JUnit4Provider.execute(JUnit4Provider.java:316)
	at org.apache.maven.surefire.junit4.JUnit4Provider.executeWithRerun(JUnit4Provider.java:240)
	at org.apache.maven.surefire.junit4.JUnit4Provider.executeTestSet(JUnit4Provider.java:214)
	at org.apache.maven.surefire.junit4.JUnit4Provider.invoke(JUnit4Provider.java:155)
	at org.apache.maven.surefire.booter.ForkedBooter.runSuitesInProcess(ForkedBooter.java:385)
	at org.apache.maven.surefire.booter.ForkedBooter.execute(ForkedBooter.java:162)
	at org.apache.maven.surefire.booter.ForkedBooter.run(ForkedBooter.java:507)
	at org.apache.maven.surefire.booter.ForkedBooter.main(ForkedBooter.java:495)

[INFO] Running tests.ChangeAppConditionTests
[ERROR] Tests run: 2, Failures: 0, Errors: 2, Skipped: 0, Time elapsed: 0 s <<< FAILURE! -- in tests.ChangeAppConditionTests
[ERROR] tests.ChangeAppConditionTests.testChangeScreenOrientationOnSearchResults -- Time elapsed: 0 s <<< ERROR!
java.lang.NoSuchMethodError: 'void org.openqa.selenium.remote.http.ClientConfig.<init>(java.net.URI, java.time.Duration, java.time.Duration, org.openqa.selenium.remote.http.Filter, java.net.Proxy, org.openqa.selenium.Credentials)'
	at io.appium.java_client.AppiumClientConfig.<init>(AppiumClientConfig.java:62)
	at io.appium.java_client.AppiumClientConfig.defaultConfig(AppiumClientConfig.java:79)
	at io.appium.java_client.remote.AppiumCommandExecutor.<init>(AppiumCommandExecutor.java:109)
	at io.appium.java_client.AppiumDriver.<init>(AppiumDriver.java:101)
	at io.appium.java_client.android.AndroidDriver.<init>(AndroidDriver.java:113)
	at lib.Platform.getDriver(Platform.java:33)
	at lib.CoreTestCase.setUp(CoreTestCase.java:20)
	at junit.framework.TestCase.runBare(TestCase.java:140)
	at junit.framework.TestResult$1.protect(TestResult.java:122)
	at junit.framework.TestResult.runProtected(TestResult.java:142)
	at junit.framework.TestResult.run(TestResult.java:125)
	at junit.framework.TestCase.run(TestCase.java:130)
	at junit.framework.TestSuite.runTest(TestSuite.java:241)
	at junit.framework.TestSuite.run(TestSuite.java:236)
	at org.junit.internal.runners.JUnit38ClassRunner.run(JUnit38ClassRunner.java:90)
	at org.apache.maven.surefire.junit4.JUnit4Provider.execute(JUnit4Provider.java:316)
	at org.apache.maven.surefire.junit4.JUnit4Provider.executeWithRerun(JUnit4Provider.java:240)
	at org.apache.maven.surefire.junit4.JUnit4Provider.executeTestSet(JUnit4Provider.java:214)
	at org.apache.maven.surefire.junit4.JUnit4Provider.invoke(JUnit4Provider.java:155)
	at org.apache.maven.surefire.booter.ForkedBooter.runSuitesInProcess(ForkedBooter.java:385)
	at org.apache.maven.surefire.booter.ForkedBooter.execute(ForkedBooter.java:162)
	at org.apache.maven.surefire.booter.ForkedBooter.run(ForkedBooter.java:507)
	at org.apache.maven.surefire.booter.ForkedBooter.main(ForkedBooter.java:495)

[ERROR] tests.ChangeAppConditionTests.testCheckSearchArticleInBackground -- Time elapsed: 0 s <<< ERROR!
java.lang.NoSuchMethodError: 'void org.openqa.selenium.remote.http.ClientConfig.<init>(java.net.URI, java.time.Duration, java.time.Duration, org.openqa.selenium.remote.http.Filter, java.net.Proxy, org.openqa.selenium.Credentials)'
	at io.appium.java_client.AppiumClientConfig.<init>(AppiumClientConfig.java:62)
	at io.appium.java_client.AppiumClientConfig.defaultConfig(AppiumClientConfig.java:79)
	at io.appium.java_client.remote.AppiumCommandExecutor.<init>(AppiumCommandExecutor.java:109)
	at io.appium.java_client.AppiumDriver.<init>(AppiumDriver.java:101)
	at io.appium.java_client.android.AndroidDriver.<init>(AndroidDriver.java:113)
	at lib.Platform.getDriver(Platform.java:33)
	at lib.CoreTestCase.setUp(CoreTestCase.java:20)
	at junit.framework.TestCase.runBare(TestCase.java:140)
	at junit.framework.TestResult$1.protect(TestResult.java:122)
	at junit.framework.TestResult.runProtected(TestResult.java:142)
	at junit.framework.TestResult.run(TestResult.java:125)
	at junit.framework.TestCase.run(TestCase.java:130)
	at junit.framework.TestSuite.runTest(TestSuite.java:241)
	at junit.framework.TestSuite.run(TestSuite.java:236)
	at org.junit.internal.runners.JUnit38ClassRunner.run(JUnit38ClassRunner.java:90)
	at org.apache.maven.surefire.junit4.JUnit4Provider.execute(JUnit4Provider.java:316)
	at org.apache.maven.surefire.junit4.JUnit4Provider.executeWithRerun(JUnit4Provider.java:240)
	at org.apache.maven.surefire.junit4.JUnit4Provider.executeTestSet(JUnit4Provider.java:214)
	at org.apache.maven.surefire.junit4.JUnit4Provider.invoke(JUnit4Provider.java:155)
	at org.apache.maven.surefire.booter.ForkedBooter.runSuitesInProcess(ForkedBooter.java:385)
	at org.apache.maven.surefire.booter.ForkedBooter.execute(ForkedBooter.java:162)
	at org.apache.maven.surefire.booter.ForkedBooter.run(ForkedBooter.java:507)
	at org.apache.maven.surefire.booter.ForkedBooter.main(ForkedBooter.java:495)

[INFO] Running tests.MyListsTests
[ERROR] Tests run: 2, Failures: 0, Errors: 2, Skipped: 0, Time elapsed: 0 s <<< FAILURE! -- in tests.MyListsTests
[ERROR] tests.MyListsTests.testSaveTwoArticlesToMyList -- Time elapsed: 0 s <<< ERROR!
java.lang.NoSuchMethodError: 'void org.openqa.selenium.remote.http.ClientConfig.<init>(java.net.URI, java.time.Duration, java.time.Duration, org.openqa.selenium.remote.http.Filter, java.net.Proxy, org.openqa.selenium.Credentials)'
	at io.appium.java_client.AppiumClientConfig.<init>(AppiumClientConfig.java:62)
	at io.appium.java_client.AppiumClientConfig.defaultConfig(AppiumClientConfig.java:79)
	at io.appium.java_client.remote.AppiumCommandExecutor.<init>(AppiumCommandExecutor.java:109)
	at io.appium.java_client.AppiumDriver.<init>(AppiumDriver.java:101)
	at io.appium.java_client.android.AndroidDriver.<init>(AndroidDriver.java:113)
	at lib.Platform.getDriver(Platform.java:33)
	at lib.CoreTestCase.setUp(CoreTestCase.java:20)
	at junit.framework.TestCase.runBare(TestCase.java:140)
	at junit.framework.TestResult$1.protect(TestResult.java:122)
	at junit.framework.TestResult.runProtected(TestResult.java:142)
	at junit.framework.TestResult.run(TestResult.java:125)
	at junit.framework.TestCase.run(TestCase.java:130)
	at junit.framework.TestSuite.runTest(TestSuite.java:241)
	at junit.framework.TestSuite.run(TestSuite.java:236)
	at org.junit.internal.runners.JUnit38ClassRunner.run(JUnit38ClassRunner.java:90)
	at org.apache.maven.surefire.junit4.JUnit4Provider.execute(JUnit4Provider.java:316)
	at org.apache.maven.surefire.junit4.JUnit4Provider.executeWithRerun(JUnit4Provider.java:240)
	at org.apache.maven.surefire.junit4.JUnit4Provider.executeTestSet(JUnit4Provider.java:214)
	at org.apache.maven.surefire.junit4.JUnit4Provider.invoke(JUnit4Provider.java:155)
	at org.apache.maven.surefire.booter.ForkedBooter.runSuitesInProcess(ForkedBooter.java:385)
	at org.apache.maven.surefire.booter.ForkedBooter.execute(ForkedBooter.java:162)
	at org.apache.maven.surefire.booter.ForkedBooter.run(ForkedBooter.java:507)
	at org.apache.maven.surefire.booter.ForkedBooter.main(ForkedBooter.java:495)

[ERROR] tests.MyListsTests.testSaveFirstArticleToMyList -- Time elapsed: 0 s <<< ERROR!
java.lang.NoSuchMethodError: 'void org.openqa.selenium.remote.http.ClientConfig.<init>(java.net.URI, java.time.Duration, java.time.Duration, org.openqa.selenium.remote.http.Filter, java.net.Proxy, org.openqa.selenium.Credentials)'
	at io.appium.java_client.AppiumClientConfig.<init>(AppiumClientConfig.java:62)
	at io.appium.java_client.AppiumClientConfig.defaultConfig(AppiumClientConfig.java:79)
	at io.appium.java_client.remote.AppiumCommandExecutor.<init>(AppiumCommandExecutor.java:109)
	at io.appium.java_client.AppiumDriver.<init>(AppiumDriver.java:101)
	at io.appium.java_client.android.AndroidDriver.<init>(AndroidDriver.java:113)
	at lib.Platform.getDriver(Platform.java:33)
	at lib.CoreTestCase.setUp(CoreTestCase.java:20)
	at junit.framework.TestCase.runBare(TestCase.java:140)
	at junit.framework.TestResult$1.protect(TestResult.java:122)
	at junit.framework.TestResult.runProtected(TestResult.java:142)
	at junit.framework.TestResult.run(TestResult.java:125)
	at junit.framework.TestCase.run(TestCase.java:130)
	at junit.framework.TestSuite.runTest(TestSuite.java:241)
	at junit.framework.TestSuite.run(TestSuite.java:236)
	at org.junit.internal.runners.JUnit38ClassRunner.run(JUnit38ClassRunner.java:90)
	at org.apache.maven.surefire.junit4.JUnit4Provider.execute(JUnit4Provider.java:316)
	at org.apache.maven.surefire.junit4.JUnit4Provider.executeWithRerun(JUnit4Provider.java:240)
	at org.apache.maven.surefire.junit4.JUnit4Provider.executeTestSet(JUnit4Provider.java:214)
	at org.apache.maven.surefire.junit4.JUnit4Provider.invoke(JUnit4Provider.java:155)
	at org.apache.maven.surefire.booter.ForkedBooter.runSuitesInProcess(ForkedBooter.java:385)
	at org.apache.maven.surefire.booter.ForkedBooter.execute(ForkedBooter.java:162)
	at org.apache.maven.surefire.booter.ForkedBooter.run(ForkedBooter.java:507)
	at org.apache.maven.surefire.booter.ForkedBooter.main(ForkedBooter.java:495)

[INFO] Running lib.CoreTestCase
[ERROR] Tests run: 1, Failures: 1, Errors: 0, Skipped: 0, Time elapsed: 0 s <<< FAILURE! -- in lib.CoreTestCase
[ERROR] junit.framework.TestSuite$1.warning -- Time elapsed: 0 s <<< FAILURE!
junit.framework.AssertionFailedError: No tests found in lib.CoreTestCase
	at junit.framework.Assert.fail(Assert.java:57)
	at junit.framework.TestCase.fail(TestCase.java:223)
	at junit.framework.TestSuite$1.runTest(TestSuite.java:96)
	at junit.framework.TestCase.runBare(TestCase.java:142)
	at junit.framework.TestResult$1.protect(TestResult.java:122)
	at junit.framework.TestResult.runProtected(TestResult.java:142)
	at junit.framework.TestResult.run(TestResult.java:125)
	at junit.framework.TestCase.run(TestCase.java:130)
	at junit.framework.TestSuite.runTest(TestSuite.java:241)
	at junit.framework.TestSuite.run(TestSuite.java:236)
	at org.junit.internal.runners.JUnit38ClassRunner.run(JUnit38ClassRunner.java:90)
	at org.apache.maven.surefire.junit4.JUnit4Provider.execute(JUnit4Provider.java:316)
	at org.apache.maven.surefire.junit4.JUnit4Provider.executeWithRerun(JUnit4Provider.java:240)
	at org.apache.maven.surefire.junit4.JUnit4Provider.executeTestSet(JUnit4Provider.java:214)
	at org.apache.maven.surefire.junit4.JUnit4Provider.invoke(JUnit4Provider.java:155)
	at org.apache.maven.surefire.booter.ForkedBooter.runSuitesInProcess(ForkedBooter.java:385)
	at org.apache.maven.surefire.booter.ForkedBooter.execute(ForkedBooter.java:162)
	at org.apache.maven.surefire.booter.ForkedBooter.run(ForkedBooter.java:507)
	at org.apache.maven.surefire.booter.ForkedBooter.main(ForkedBooter.java:495)

[INFO] Running MainClassTest
Test passed
Test failed. ClassNumber is less than or equal to 45. Value: 20
Test passed
[INFO] Tests run: 3, Failures: 0, Errors: 0, Skipped: 0, Time elapsed: 0.002 s -- in MainClassTest
[INFO] 
[INFO] Results:
[INFO] 
[ERROR] Failures: 
[ERROR]   TestSuite$1.warning No tests found in lib.CoreTestCase
[ERROR] Errors: 
[ERROR]   ArticleTests>CoreTestCase.setUp:20 » NoSuchMethod 'void org.openqa.selenium.remote.http.ClientConfig.<init>(java.net.URI, java.time.Duration, java.time.Duration, org.openqa.selenium.remote.http.Filter, java.net.Proxy, org.openqa.selenium.Credentials)'
[ERROR]   ArticleTests>CoreTestCase.setUp:20 » NoSuchMethod 'void org.openqa.selenium.remote.http.ClientConfig.<init>(java.net.URI, java.time.Duration, java.time.Duration, org.openqa.selenium.remote.http.Filter, java.net.Proxy, org.openqa.selenium.Credentials)'
[ERROR]   ArticleTests>CoreTestCase.setUp:20 » NoSuchMethod 'void org.openqa.selenium.remote.http.ClientConfig.<init>(java.net.URI, java.time.Duration, java.time.Duration, org.openqa.selenium.remote.http.Filter, java.net.Proxy, org.openqa.selenium.Credentials)'
[ERROR]   ChangeAppConditionTests>CoreTestCase.setUp:20 » NoSuchMethod 'void org.openqa.selenium.remote.http.ClientConfig.<init>(java.net.URI, java.time.Duration, java.time.Duration, org.openqa.selenium.remote.http.Filter, java.net.Proxy, org.openqa.selenium.Credentials)'
[ERROR]   ChangeAppConditionTests>CoreTestCase.setUp:20 » NoSuchMethod 'void org.openqa.selenium.remote.http.ClientConfig.<init>(java.net.URI, java.time.Duration, java.time.Duration, org.openqa.selenium.remote.http.Filter, java.net.Proxy, org.openqa.selenium.Credentials)'
[ERROR]   GetStartedTest>CoreTestCase.setUp:20 » NoSuchMethod 'void org.openqa.selenium.remote.http.ClientConfig.<init>(java.net.URI, java.time.Duration, java.time.Duration, org.openqa.selenium.remote.http.Filter, java.net.Proxy, org.openqa.selenium.Credentials)'
[ERROR]   MyListsTests>CoreTestCase.setUp:20 » NoSuchMethod 'void org.openqa.selenium.remote.http.ClientConfig.<init>(java.net.URI, java.time.Duration, java.time.Duration, org.openqa.selenium.remote.http.Filter, java.net.Proxy, org.openqa.selenium.Credentials)'
[ERROR]   MyListsTests>CoreTestCase.setUp:20 » NoSuchMethod 'void org.openqa.selenium.remote.http.ClientConfig.<init>(java.net.URI, java.time.Duration, java.time.Duration, org.openqa.selenium.remote.http.Filter, java.net.Proxy, org.openqa.selenium.Credentials)'
[ERROR]   SearchTests>CoreTestCase.setUp:20 » NoSuchMethod 'void org.openqa.selenium.remote.http.ClientConfig.<init>(java.net.URI, java.time.Duration, java.time.Duration, org.openqa.selenium.remote.http.Filter, java.net.Proxy, org.openqa.selenium.Credentials)'
[ERROR]   SearchTests>CoreTestCase.setUp:20 » NoSuchMethod 'void org.openqa.selenium.remote.http.ClientConfig.<init>(java.net.URI, java.time.Duration, java.time.Duration, org.openqa.selenium.remote.http.Filter, java.net.Proxy, org.openqa.selenium.Credentials)'
[ERROR]   SearchTests>CoreTestCase.setUp:20 » NoSuchMethod 'void org.openqa.selenium.remote.http.ClientConfig.<init>(java.net.URI, java.time.Duration, java.time.Duration, org.openqa.selenium.remote.http.Filter, java.net.Proxy, org.openqa.selenium.Credentials)'
[ERROR]   SearchTests>CoreTestCase.setUp:20 » NoSuchMethod 'void org.openqa.selenium.remote.http.ClientConfig.<init>(java.net.URI, java.time.Duration, java.time.Duration, org.openqa.selenium.remote.http.Filter, java.net.Proxy, org.openqa.selenium.Credentials)'
[ERROR]   SearchTests>CoreTestCase.setUp:20 » NoSuchMethod 'void org.openqa.selenium.remote.http.ClientConfig.<init>(java.net.URI, java.time.Duration, java.time.Duration, org.openqa.selenium.remote.http.Filter, java.net.Proxy, org.openqa.selenium.Credentials)'
[ERROR]   SearchTests>CoreTestCase.setUp:20 » NoSuchMethod 'void org.openqa.selenium.remote.http.ClientConfig.<init>(java.net.URI, java.time.Duration, java.time.Duration, org.openqa.selenium.remote.http.Filter, java.net.Proxy, org.openqa.selenium.Credentials)'
[ERROR]   SearchTests>CoreTestCase.setUp:20 » NoSuchMethod 'void org.openqa.selenium.remote.http.ClientConfig.<init>(java.net.URI, java.time.Duration, java.time.Duration, org.openqa.selenium.remote.http.Filter, java.net.Proxy, org.openqa.selenium.Credentials)'
[ERROR]   SearchTests>CoreTestCase.setUp:20 » NoSuchMethod 'void org.openqa.selenium.remote.http.ClientConfig.<init>(java.net.URI, java.time.Duration, java.time.Duration, org.openqa.selenium.remote.http.Filter, java.net.Proxy, org.openqa.selenium.Credentials)'
[INFO] 
[ERROR] Tests run: 20, Failures: 1, Errors: 16, Skipped: 0
[INFO] 
[INFO] ------------------------------------------------------------------------
[INFO] BUILD FAILURE
[INFO] ------------------------------------------------------------------------
[INFO] Total time:  1.933 s
[INFO] Finished at: 2024-12-27T20:56:48+07:00
[INFO] ------------------------------------------------------------------------
[ERROR] Failed to execute goal org.apache.maven.plugins:maven-surefire-plugin:3.2.5:test (default-test) on project JavaAppium: There are test failures.
[ERROR] 
[ERROR] Please refer to /Users/natalia/IdeaProjects/JavaAppium1/target/surefire-reports for the individual test results.
[ERROR] Please refer to dump files (if any exist) [date].dump, [date]-jvmRun[N].dump and [date].dumpstream.
[ERROR] -> [Help 1]
[ERROR] 
[ERROR] To see the full stack trace of the errors, re-run Maven with the -e switch.
[ERROR] Re-run Maven using the -X switch to enable full debug logging.
[ERROR] 
[ERROR] For more information about the errors and possible solutions, please read the following articles:
[ERROR] [Help 1] http://cwiki.apache.org/confluence/display/MAVEN/MojoFailureException
